
ROM used:   378/65536 (1%)
            378/65536 (1%) including unused fragments

            0.4 Average locations per line
            5.9 Average locations per statement

RAM used:   31/3968 (1%) at main() level
            31/3968 (1%) worst case

Stack used: 1 worst case (0 in main + 1 for interrupts)
Stack size: 31

Lines Stmts  %   Files
----- ----- ---  -----
  152    64 100  ISR_TMR.c
  834     0   0  C:\Program Files (x86)\PICC\Devices\18f4620.h
----- -----
  986    64 Total

Page ROM  %  RAM   Vol Diff  Functions:
---- --- --- ---   --- ----  ----------
0     54   7    0   373  3.3  isr_TMR0
0    178  24    0   977  4.4  MAIN
 Inline         0    99  3.3  @cinit1

Program metrics:
    Functions               3
    Statements              64
    Comments                192
    Volume (V)              1767
    Difficulty (D)          11.4
    Effort to implement (E) 20083
    Time to implement (T)   19 minutes
    Est Delivered Bugs (B)  0
    Cyclomatic Complexity   13
    Maintainability (MI)    79

 Segment     Used  Free
-----------  ----  ----
00000-00002     4  0  
00004-00006     0  4  
00008-00094   142  0  
00096-0FFFE   232  65154  



